build/app/intermediates/manifest_merge_blame_file/debug/manifest-merger-blame-debug-report.txt
1<?xml version="1.0" encoding="utf-8"?>
2<manifest xmlns:android="http://schemas.android.com/apk/res/android"
3    package="com.nab.perfect.flirt.save.flirt"
4    android:versionCode="1"
5    android:versionName="1.0.0" >
6
7    <uses-sdk
8        android:minSdkVersion="23"
9        android:targetSdkVersion="29" />
10    <!--
11         Flutter needs it to communicate with the running application
12         to allow setting breakpoints, to provide hot reload, etc.
13    -->
14    <uses-permission android:name="android.permission.INTERNET" />
14-->src\debug\AndroidManifest.xml:6:5-66
14-->src\debug\AndroidManifest.xml:6:22-64
15    <uses-permission android:name="android.permission.ACCESS_NETWORK_STATE" />
15-->[:firebase_analytics] AndroidManifest.xml:7:5-79
15-->[:firebase_analytics] AndroidManifest.xml:7:22-76
16    <uses-permission android:name="android.permission.WAKE_LOCK" />
16-->[:firebase_analytics] AndroidManifest.xml:9:5-68
16-->[:firebase_analytics] AndroidManifest.xml:9:22-65
17    <uses-permission android:name="android.permission.RECEIVE_BOOT_COMPLETED" />
17-->[:flutter_local_notifications] AndroidManifest.xml:7:5-81
17-->[:flutter_local_notifications] AndroidManifest.xml:7:22-78
18    <uses-permission android:name="android.permission.VIBRATE" />
18-->[:flutter_local_notifications] AndroidManifest.xml:8:5-66
18-->[:flutter_local_notifications] AndroidManifest.xml:8:22-63
19    <uses-permission android:name="android.permission.USE_FULL_SCREEN_INTENT" />
19-->[:flutter_local_notifications] AndroidManifest.xml:9:5-81
19-->[:flutter_local_notifications] AndroidManifest.xml:9:22-78
20    <uses-permission android:name="com.google.android.finsky.permission.BIND_GET_INSTALL_REFERRER_SERVICE" /> <!-- Permission will be merged into the manifest of the hosting app. -->
20-->[com.google.android.gms:play-services-measurement:18.0.0] AndroidManifest.xml:26:5-110
20-->[com.google.android.gms:play-services-measurement:18.0.0] AndroidManifest.xml:26:22-107
21    <!-- Is required to launch foreground extraction service for targetSdkVersion 28+. -->
22    <uses-permission android:name="android.permission.FOREGROUND_SERVICE" />
22-->[com.google.android.play:core:1.8.2] AndroidManifest.xml:8:3-74
22-->[com.google.android.play:core:1.8.2] AndroidManifest.xml:8:20-72
23    <!--
24 io.flutter.app.FlutterApplication is an android.app.Application that
25         calls FlutterMain.startInitialization(this); in its onCreate method.
26         In most cases you can leave this as-is, but you if you want to provide
27         additional functionality it is fine to subclass or reimplement
28         FlutterApplication and put your custom class here.
29    -->
30    <application
30-->src\main\AndroidManifest.xml:8:5-46:19
31        android:name="io.flutter.app.FlutterApplication"
31-->src\main\AndroidManifest.xml:9:9-57
32        android:appComponentFactory="androidx.core.app.CoreComponentFactory"
32-->[androidx.core:core:1.5.0-beta02] AndroidManifest.xml:24:18-86
33        android:debuggable="true"
34        android:hardwareAccelerated="true"
34-->[:facebook_audience_network] AndroidManifest.xml:7:18-52
35        android:icon="@mipmap/ic_launcher"
35-->src\main\AndroidManifest.xml:11:9-43
36        android:label="flirt" >
36-->src\main\AndroidManifest.xml:10:9-30
37        <activity
37-->src\main\AndroidManifest.xml:12:9-40:20
38            android:name="com.nab.perfect.flirt.save.flirt.MainActivity"
38-->src\main\AndroidManifest.xml:13:13-41
39            android:configChanges="orientation|keyboardHidden|keyboard|screenSize|smallestScreenSize|locale|layoutDirection|fontScale|screenLayout|density|uiMode"
39-->src\main\AndroidManifest.xml:16:13-163
40            android:hardwareAccelerated="true"
40-->src\main\AndroidManifest.xml:17:13-47
41            android:launchMode="singleTop"
41-->src\main\AndroidManifest.xml:14:13-43
42            android:theme="@style/LaunchTheme"
42-->src\main\AndroidManifest.xml:15:13-47
43            android:windowSoftInputMode="adjustResize" >
43-->src\main\AndroidManifest.xml:18:13-55
44
45            <!--
46                 Specifies an Android theme to apply to this Activity as soon as
47                 the Android process has started. This theme is visible to the user
48                 while the Flutter UI initializes. After that, this theme continues
49                 to determine the Window background behind the Flutter UI.
50            -->
51            <meta-data
51-->src\main\AndroidManifest.xml:23:13-26:17
52                android:name="io.flutter.embedding.android.NormalTheme"
52-->src\main\AndroidManifest.xml:24:15-70
53                android:resource="@style/NormalTheme" />
53-->src\main\AndroidManifest.xml:25:15-52
54            <!--
55                 Displays an Android View that continues showing the launch screen
56                 Drawable until Flutter paints its first frame, then this splash
57                 screen fades out. A splash screen is useful to avoid any visual
58                 gap between the end of Android's launch screen and the painting of
59                 Flutter's first frame.
60            -->
61            <meta-data
61-->src\main\AndroidManifest.xml:32:13-35:17
62                android:name="io.flutter.embedding.android.SplashScreenDrawable"
62-->src\main\AndroidManifest.xml:33:15-79
63                android:resource="@drawable/launch_background" />
63-->src\main\AndroidManifest.xml:34:15-61
64
65            <intent-filter>
65-->src\main\AndroidManifest.xml:36:13-39:29
66                <action android:name="android.intent.action.MAIN" />
66-->src\main\AndroidManifest.xml:37:17-68
66-->src\main\AndroidManifest.xml:37:25-66
67
68                <category android:name="android.intent.category.LAUNCHER" />
68-->src\main\AndroidManifest.xml:38:17-76
68-->src\main\AndroidManifest.xml:38:27-74
69            </intent-filter>
70        </activity>
71        <!--
72             Don't delete the meta-data below.
73             This is used by the Flutter tool to generate GeneratedPluginRegistrant.java
74        -->
75        <meta-data
75-->src\main\AndroidManifest.xml:43:9-45:33
76            android:name="flutterEmbedding"
76-->src\main\AndroidManifest.xml:44:13-44
77            android:value="2" />
77-->src\main\AndroidManifest.xml:45:13-30
78
79        <activity
79-->[:url_launcher] AndroidManifest.xml:8:9-11:74
80            android:name="io.flutter.plugins.urllauncher.WebViewActivity"
80-->[:url_launcher] AndroidManifest.xml:9:13-74
81            android:exported="false"
81-->[:url_launcher] AndroidManifest.xml:10:13-37
82            android:theme="@android:style/Theme.NoTitleBar.Fullscreen" />
82-->[:url_launcher] AndroidManifest.xml:11:13-71
83
84        <service
84-->[:firebase_analytics] AndroidManifest.xml:12:9-16:19
85            android:name="com.google.firebase.components.ComponentDiscoveryService"
85-->[:firebase_analytics] AndroidManifest.xml:12:18-89
86            android:directBootAware="true"
86-->[com.google.firebase:firebase-common:19.5.0] AndroidManifest.xml:35:13-43
87            android:exported="false" >
87-->[com.google.android.gms:play-services-measurement-api:18.0.0] AndroidManifest.xml:29:13-37
88            <meta-data
88-->[:firebase_analytics] AndroidManifest.xml:13:13-15:85
89                android:name="com.google.firebase.components:io.flutter.plugins.firebaseanalytics.FlutterFirebaseAppRegistrar"
89-->[:firebase_analytics] AndroidManifest.xml:14:17-127
90                android:value="com.google.firebase.components.ComponentRegistrar" />
90-->[:firebase_analytics] AndroidManifest.xml:15:17-82
91            <meta-data
91-->[:firebase_core] AndroidManifest.xml:9:13-11:85
92                android:name="com.google.firebase.components:io.flutter.plugins.firebase.core.FlutterFirebaseCoreRegistrar"
92-->[:firebase_core] AndroidManifest.xml:10:17-124
93                android:value="com.google.firebase.components.ComponentRegistrar" />
93-->[:firebase_core] AndroidManifest.xml:11:17-82
94            <meta-data
94-->[com.google.android.gms:play-services-measurement-api:18.0.0] AndroidManifest.xml:30:13-32:85
95                android:name="com.google.firebase.components:com.google.firebase.analytics.connector.internal.AnalyticsConnectorRegistrar"
95-->[com.google.android.gms:play-services-measurement-api:18.0.0] AndroidManifest.xml:31:17-139
96                android:value="com.google.firebase.components.ComponentRegistrar" />
96-->[com.google.android.gms:play-services-measurement-api:18.0.0] AndroidManifest.xml:32:17-82
97            <meta-data
97-->[com.google.firebase:firebase-installations:16.3.5] AndroidManifest.xml:18:13-20:85
98                android:name="com.google.firebase.components:com.google.firebase.installations.FirebaseInstallationsRegistrar"
98-->[com.google.firebase:firebase-installations:16.3.5] AndroidManifest.xml:19:17-127
99                android:value="com.google.firebase.components.ComponentRegistrar" />
99-->[com.google.firebase:firebase-installations:16.3.5] AndroidManifest.xml:20:17-82
100            <!--
101                This registrar is not defined in the dynamic-module-support sdk itself to allow non-firebase
102                clients to use it as well, by defining this registrar in their own core/common library.
103            -->
104            <meta-data
104-->[com.google.firebase:firebase-common:19.5.0] AndroidManifest.xml:43:13-45:85
105                android:name="com.google.firebase.components:com.google.firebase.dynamicloading.DynamicLoadingRegistrar"
105-->[com.google.firebase:firebase-common:19.5.0] AndroidManifest.xml:44:17-121
106                android:value="com.google.firebase.components.ComponentRegistrar" />
106-->[com.google.firebase:firebase-common:19.5.0] AndroidManifest.xml:45:17-82
107        </service>
108
109        <receiver android:name="com.dexterous.flutterlocalnotifications.ScheduledNotificationReceiver" />
109-->[:flutter_local_notifications] AndroidManifest.xml:12:9-106
109-->[:flutter_local_notifications] AndroidManifest.xml:12:19-103
110        <receiver android:name="com.dexterous.flutterlocalnotifications.ScheduledNotificationBootReceiver" >
110-->[:flutter_local_notifications] AndroidManifest.xml:13:9-20:20
110-->[:flutter_local_notifications] AndroidManifest.xml:13:19-107
111            <intent-filter>
111-->[:flutter_local_notifications] AndroidManifest.xml:14:13-19:29
112                <action android:name="android.intent.action.BOOT_COMPLETED" />
112-->[:flutter_local_notifications] AndroidManifest.xml:15:17-79
112-->[:flutter_local_notifications] AndroidManifest.xml:15:25-76
113                <action android:name="android.intent.action.MY_PACKAGE_REPLACED" />
113-->[:flutter_local_notifications] AndroidManifest.xml:16:17-84
113-->[:flutter_local_notifications] AndroidManifest.xml:16:25-81
114                <action android:name="android.intent.action.QUICKBOOT_POWERON" />
114-->[:flutter_local_notifications] AndroidManifest.xml:17:17-82
114-->[:flutter_local_notifications] AndroidManifest.xml:17:25-79
115                <action android:name="com.htc.intent.action.QUICKBOOT_POWERON" />
115-->[:flutter_local_notifications] AndroidManifest.xml:18:17-82
115-->[:flutter_local_notifications] AndroidManifest.xml:18:25-79
116            </intent-filter>
117        </receiver>
118
119        <provider
119-->[:share] AndroidManifest.xml:8:9-16:20
120            android:name="io.flutter.plugins.share.ShareFileProvider"
120-->[:share] AndroidManifest.xml:9:13-70
121            android:authorities="com.nab.perfect.flirt.save.flirt.flutter.share_provider"
121-->[:share] AndroidManifest.xml:10:13-74
122            android:exported="false"
122-->[:share] AndroidManifest.xml:11:13-37
123            android:grantUriPermissions="true" >
123-->[:share] AndroidManifest.xml:12:13-47
124            <meta-data
124-->[:share] AndroidManifest.xml:13:13-15:68
125                android:name="android.support.FILE_PROVIDER_PATHS"
125-->[:share] AndroidManifest.xml:14:17-67
126                android:resource="@xml/flutter_share_file_paths" />
126-->[:share] AndroidManifest.xml:15:17-65
127        </provider>
128
129        <activity
129-->[com.facebook.android:audience-network-sdk:6.2.0] AndroidManifest.xml:15:9-19:75
130            android:name="com.facebook.ads.AudienceNetworkActivity"
130-->[com.facebook.android:audience-network-sdk:6.2.0] AndroidManifest.xml:16:13-68
131            android:configChanges="keyboardHidden|orientation|screenSize"
131-->[com.facebook.android:audience-network-sdk:6.2.0] AndroidManifest.xml:17:13-74
132            android:exported="false"
132-->[com.facebook.android:audience-network-sdk:6.2.0] AndroidManifest.xml:18:13-37
133            android:theme="@android:style/Theme.Translucent.NoTitleBar" />
133-->[com.facebook.android:audience-network-sdk:6.2.0] AndroidManifest.xml:19:13-72
134
135        <provider
135-->[com.facebook.android:audience-network-sdk:6.2.0] AndroidManifest.xml:21:9-24:40
136            android:name="com.facebook.ads.AudienceNetworkContentProvider"
136-->[com.facebook.android:audience-network-sdk:6.2.0] AndroidManifest.xml:22:13-75
137            android:authorities="com.nab.perfect.flirt.save.flirt.AudienceNetworkContentProvider"
137-->[com.facebook.android:audience-network-sdk:6.2.0] AndroidManifest.xml:23:13-82
138            android:exported="false" />
138-->[com.facebook.android:audience-network-sdk:6.2.0] AndroidManifest.xml:24:13-37
139        <provider
139-->[com.google.firebase:firebase-common:19.5.0] AndroidManifest.xml:26:9-31:39
140            android:name="com.google.firebase.provider.FirebaseInitProvider"
140-->[com.google.firebase:firebase-common:19.5.0] AndroidManifest.xml:27:13-77
141            android:authorities="com.nab.perfect.flirt.save.flirt.firebaseinitprovider"
141-->[com.google.firebase:firebase-common:19.5.0] AndroidManifest.xml:28:13-72
142            android:directBootAware="true"
142-->[com.google.firebase:firebase-common:19.5.0] AndroidManifest.xml:29:13-43
143            android:exported="false"
143-->[com.google.firebase:firebase-common:19.5.0] AndroidManifest.xml:30:13-37
144            android:initOrder="100" />
144-->[com.google.firebase:firebase-common:19.5.0] AndroidManifest.xml:31:13-36
145
146        <receiver
146-->[com.google.android.gms:play-services-measurement:18.0.0] AndroidManifest.xml:29:9-33:20
147            android:name="com.google.android.gms.measurement.AppMeasurementReceiver"
147-->[com.google.android.gms:play-services-measurement:18.0.0] AndroidManifest.xml:30:13-85
148            android:enabled="true"
148-->[com.google.android.gms:play-services-measurement:18.0.0] AndroidManifest.xml:31:13-35
149            android:exported="false" >
149-->[com.google.android.gms:play-services-measurement:18.0.0] AndroidManifest.xml:32:13-37
150        </receiver>
151
152        <service
152-->[com.google.android.gms:play-services-measurement:18.0.0] AndroidManifest.xml:35:9-38:40
153            android:name="com.google.android.gms.measurement.AppMeasurementService"
153-->[com.google.android.gms:play-services-measurement:18.0.0] AndroidManifest.xml:36:13-84
154            android:enabled="true"
154-->[com.google.android.gms:play-services-measurement:18.0.0] AndroidManifest.xml:37:13-35
155            android:exported="false" />
155-->[com.google.android.gms:play-services-measurement:18.0.0] AndroidManifest.xml:38:13-37
156        <service
156-->[com.google.android.gms:play-services-measurement:18.0.0] AndroidManifest.xml:39:9-43:72
157            android:name="com.google.android.gms.measurement.AppMeasurementJobService"
157-->[com.google.android.gms:play-services-measurement:18.0.0] AndroidManifest.xml:40:13-87
158            android:enabled="true"
158-->[com.google.android.gms:play-services-measurement:18.0.0] AndroidManifest.xml:41:13-35
159            android:exported="false"
159-->[com.google.android.gms:play-services-measurement:18.0.0] AndroidManifest.xml:42:13-37
160            android:permission="android.permission.BIND_JOB_SERVICE" />
160-->[com.google.android.gms:play-services-measurement:18.0.0] AndroidManifest.xml:43:13-69
161
162        <meta-data
162-->[com.google.android.gms:play-services-basement:17.0.0] AndroidManifest.xml:23:9-25:69
163            android:name="com.google.android.gms.version"
163-->[com.google.android.gms:play-services-basement:17.0.0] AndroidManifest.xml:24:13-58
164            android:value="@integer/google_play_services_version" /> <!-- The activities will be merged into the manifest of the hosting app. -->
164-->[com.google.android.gms:play-services-basement:17.0.0] AndroidManifest.xml:25:13-66
165        <activity
165-->[com.google.android.play:core:1.8.2] AndroidManifest.xml:12:5-271
166            android:name="com.google.android.play.core.missingsplits.PlayCoreMissingSplitsActivity"
166-->[com.google.android.play:core:1.8.2] AndroidManifest.xml:12:15-102
167            android:enabled="false"
167-->[com.google.android.play:core:1.8.2] AndroidManifest.xml:12:103-126
168            android:exported="false"
168-->[com.google.android.play:core:1.8.2] AndroidManifest.xml:12:127-151
169            android:launchMode="singleInstance"
169-->[com.google.android.play:core:1.8.2] AndroidManifest.xml:12:204-239
170            android:process=":playcore_missing_splits_activity"
170-->[com.google.android.play:core:1.8.2] AndroidManifest.xml:12:152-203
171            android:stateNotNeeded="true" />
171-->[com.google.android.play:core:1.8.2] AndroidManifest.xml:12:240-269
172        <activity
172-->[com.google.android.play:core:1.8.2] AndroidManifest.xml:13:5-226
173            android:name="com.google.android.play.core.common.PlayCoreDialogWrapperActivity"
173-->[com.google.android.play:core:1.8.2] AndroidManifest.xml:13:15-95
174            android:enabled="false"
174-->[com.google.android.play:core:1.8.2] AndroidManifest.xml:13:96-119
175            android:exported="false"
175-->[com.google.android.play:core:1.8.2] AndroidManifest.xml:13:120-144
176            android:stateNotNeeded="true"
176-->[com.google.android.play:core:1.8.2] AndroidManifest.xml:13:145-174
177            android:theme="@style/Theme.PlayCore.Transparent" /> <!-- The service will be merged into the manifest of the hosting app. -->
177-->[com.google.android.play:core:1.8.2] AndroidManifest.xml:13:175-224
178        <service
178-->[com.google.android.play:core:1.8.2] AndroidManifest.xml:16:5-145
179            android:name="com.google.android.play.core.assetpacks.AssetPackExtractionService"
179-->[com.google.android.play:core:1.8.2] AndroidManifest.xml:16:14-95
180            android:enabled="false"
180-->[com.google.android.play:core:1.8.2] AndroidManifest.xml:16:96-119
181            android:exported="true" />
181-->[com.google.android.play:core:1.8.2] AndroidManifest.xml:16:120-143
182    </application>
183
184</manifest>